0 info it worked if it ends with ok
1 verbose cli [ 'D:\\Nodejs\\node.exe',
1 verbose cli   'D:\\Nodejs\\node_modules\\npm\\bin\\npm-cli.js',
1 verbose cli   'start' ]
2 info using npm@3.3.12
3 info using node@v5.4.1
4 verbose run-script [ 'prestart', 'start', 'poststart' ]
5 info lifecycle MyShare@1.0.0~prestart: MyShare@1.0.0
6 silly lifecycle MyShare@1.0.0~prestart: no script for prestart, continuing
7 info lifecycle MyShare@1.0.0~start: MyShare@1.0.0
8 verbose lifecycle MyShare@1.0.0~start: unsafe-perm in lifecycle true
9 verbose lifecycle MyShare@1.0.0~start: PATH: D:\Nodejs\node_modules\npm\bin\node-gyp-bin;D:\MeanStack\MyShare\node_modules\.bin;C:\Program Files (x86)\PC Connectivity Solution\;C:\Program Files\Common Files\Microsoft Shared\Windows Live;C:\Program Files (x86)\Common Files\Microsoft Shared\Windows Live;C:\Program Files (x86)\NVIDIA Corporation\PhysX\Common;C:\Windows\system32;C:\Windows;C:\Windows\System32\Wbem;C:\Windows\System32\WindowsPowerShell\v1.0\;C:\Program Files (x86)\Sony\VAIO Startup Setting Tool;C:\Program Files\Trend Micro\AMSP;C:\Program Files (x86)\Windows Live\Shared;C:\Program Files (x86)\Microsoft SQL Server\100\Tools\Binn\;C:\Program Files\Microsoft SQL Server\100\Tools\Binn\;C:\Program Files\Microsoft SQL Server\100\DTS\Binn\;C:\Program Files\Microsoft\Web Platform Installer\;D:\Nodejs\;C:\Program Files (x86)\Heroku\bin;C:\Program Files (x86)\git\cmd;C:\Program Files (x86)\Skype\Phone\;C:\Users\Neelu\AppData\Roaming\npm;C:\Program Files (x86)\Microsoft VS Code\bin
10 verbose lifecycle MyShare@1.0.0~start: CWD: D:\MeanStack\MyShare
11 silly lifecycle MyShare@1.0.0~start: Args: [ '/d /s /c', 'node ./bin/www' ]
12 silly lifecycle MyShare@1.0.0~start: Returned: code: 1  signal: null
13 info lifecycle MyShare@1.0.0~start: Failed to exec start script
14 verbose stack Error: MyShare@1.0.0 start: `node ./bin/www`
14 verbose stack Exit status 1
14 verbose stack     at EventEmitter.<anonymous> (D:\Nodejs\node_modules\npm\lib\utils\lifecycle.js:232:16)
14 verbose stack     at emitTwo (events.js:87:13)
14 verbose stack     at EventEmitter.emit (events.js:172:7)
14 verbose stack     at ChildProcess.<anonymous> (D:\Nodejs\node_modules\npm\lib\utils\spawn.js:24:14)
14 verbose stack     at emitTwo (events.js:87:13)
14 verbose stack     at ChildProcess.emit (events.js:172:7)
14 verbose stack     at maybeClose (internal/child_process.js:821:16)
14 verbose stack     at Process.ChildProcess._handle.onexit (internal/child_process.js:211:5)
15 verbose pkgid MyShare@1.0.0
16 verbose cwd D:\MeanStack\MyShare
17 error Windows_NT 6.1.7601
18 error argv "D:\\Nodejs\\node.exe" "D:\\Nodejs\\node_modules\\npm\\bin\\npm-cli.js" "start"
19 error node v5.4.1
20 error npm  v3.3.12
21 error code ELIFECYCLE
22 error MyShare@1.0.0 start: `node ./bin/www`
22 error Exit status 1
23 error Failed at the MyShare@1.0.0 start script 'node ./bin/www'.
23 error Make sure you have the latest version of node.js and npm installed.
23 error If you do, this is most likely a problem with the MyShare package,
23 error not with npm itself.
23 error Tell the author that this fails on your system:
23 error     node ./bin/www
23 error You can get their info via:
23 error     npm owner ls MyShare
23 error There is likely additional logging output above.
24 verbose exit [ 1, true ]
